{"C:\\Users\\offic\\Desktop\\Winter-2023\\Web-Dev\\project-cattus\\server\\app.mjs": {"path":"C:\\Users\\offic\\Desktop\\Winter-2023\\Web-Dev\\project-cattus\\server\\app.mjs","statementMap":{"0":{"start":{"line":8,"column":12},"end":{"line":8,"column":21}},"1":{"start":{"line":9,"column":0},"end":{"line":9,"column":42}},"2":{"start":{"line":11,"column":0},"end":{"line":11,"column":22}},"3":{"start":{"line":12,"column":0},"end":{"line":12,"column":24}},"4":{"start":{"line":13,"column":0},"end":{"line":13,"column":22}},"5":{"start":{"line":14,"column":0},"end":{"line":14,"column":25}},"6":{"start":{"line":15,"column":0},"end":{"line":15,"column":18}}},"fnMap":{},"branchMap":{},"s":{"0":3,"1":3,"2":3,"3":3,"4":3,"5":3,"6":3},"f":{},"b":{},"inputSourceMap":null,"_coverageSchema":"1a1c01bbd47fc00a2c39e90264f33305004495a9","hash":"8c036e73dd6ec8cc2156f3df7091913920c833e9"}
,"C:\\Users\\offic\\Desktop\\Winter-2023\\Web-Dev\\project-cattus\\server\\db\\azure.mjs": {"path":"C:\\Users\\offic\\Desktop\\Winter-2023\\Web-Dev\\project-cattus\\server\\db\\azure.mjs","statementMap":{"0":{"start":{"line":8,"column":11},"end":{"line":8,"column":25}},"1":{"start":{"line":9,"column":11},"end":{"line":9,"column":28}},"2":{"start":{"line":11,"column":0},"end":{"line":11,"column":15}},"3":{"start":{"line":13,"column":27},"end":{"line":13,"column":59}},"4":{"start":{"line":14,"column":17},"end":{"line":14,"column":38}},"5":{"start":{"line":15,"column":22},"end":{"line":15,"column":48}},"6":{"start":{"line":16,"column":15},"end":{"line":16,"column":61}},"7":{"start":{"line":26,"column":15},"end":{"line":26,"column":24}},"8":{"start":{"line":27,"column":20},"end":{"line":27,"column":74}},"9":{"start":{"line":28,"column":18},"end":{"line":28,"column":54}},"10":{"start":{"line":29,"column":24},"end":{"line":29,"column":71}},"11":{"start":{"line":30,"column":28},"end":{"line":30,"column":73}},"12":{"start":{"line":32,"column":18},"end":{"line":32,"column":58}},"13":{"start":{"line":33,"column":4},"end":{"line":37,"column":5}},"14":{"start":{"line":35,"column":8},"end":{"line":35,"column":48}},"15":{"start":{"line":36,"column":8},"end":{"line":36,"column":54}},"16":{"start":{"line":38,"column":23},"end":{"line":38,"column":63}},"17":{"start":{"line":39,"column":20},"end":{"line":39,"column":75}},"18":{"start":{"line":40,"column":4},"end":{"line":40,"column":51}},"19":{"start":{"line":41,"column":17},"end":{"line":41,"column":56}},"20":{"start":{"line":42,"column":4},"end":{"line":42,"column":36}},"21":{"start":{"line":53,"column":15},"end":{"line":61,"column":5}},"22":{"start":{"line":62,"column":4},"end":{"line":62,"column":15}}},"fnMap":{"0":{"name":"uploadToAzure","decl":{"start":{"line":25,"column":15},"end":{"line":25,"column":28}},"loc":{"start":{"line":25,"column":61},"end":{"line":43,"column":1}},"line":25},"1":{"name":"getPostData","decl":{"start":{"line":52,"column":9},"end":{"line":52,"column":20}},"loc":{"start":{"line":52,"column":47},"end":{"line":63,"column":1}},"line":52}},"branchMap":{"0":{"loc":{"start":{"line":33,"column":4},"end":{"line":37,"column":5}},"type":"if","locations":[{"start":{"line":33,"column":4},"end":{"line":37,"column":5}},{"start":{},"end":{}}],"line":33}},"s":{"0":3,"1":3,"2":3,"3":3,"4":3,"5":3,"6":3,"7":0,"8":0,"9":0,"10":0,"11":0,"12":0,"13":0,"14":0,"15":0,"16":0,"17":0,"18":0,"19":0,"20":0,"21":0,"22":0},"f":{"0":0,"1":0},"b":{"0":[0,0]},"inputSourceMap":null,"_coverageSchema":"1a1c01bbd47fc00a2c39e90264f33305004495a9","hash":"a379f236b71b6c766d71267dc6b0620d2f20f9d6"}
,"C:\\Users\\offic\\Desktop\\Winter-2023\\Web-Dev\\project-cattus\\server\\db\\dbHelper.mjs": {"path":"C:\\Users\\offic\\Desktop\\Winter-2023\\Web-Dev\\project-cattus\\server\\db\\dbHelper.mjs","statementMap":{"0":{"start":{"line":1,"column":16},"end":{"line":1,"column":20}},"1":{"start":{"line":4,"column":8},"end":{"line":6,"column":9}},"2":{"start":{"line":5,"column":12},"end":{"line":5,"column":28}},"3":{"start":{"line":7,"column":8},"end":{"line":7,"column":25}},"4":{"start":{"line":18,"column":21},"end":{"line":18,"column":32}},"5":{"start":{"line":19,"column":8},"end":{"line":24,"column":9}},"6":{"start":{"line":21,"column":12},"end":{"line":21,"column":29}},"7":{"start":{"line":23,"column":12},"end":{"line":23,"column":53}},"8":{"start":{"line":33,"column":21},"end":{"line":33,"column":44}},"9":{"start":{"line":34,"column":8},"end":{"line":34,"column":19}},"10":{"start":{"line":44,"column":8},"end":{"line":44,"column":50}}},"fnMap":{"0":{"name":"(anonymous_0)","decl":{"start":{"line":3,"column":4},"end":{"line":3,"column":5}},"loc":{"start":{"line":3,"column":18},"end":{"line":8,"column":5}},"line":3},"1":{"name":"(anonymous_1)","decl":{"start":{"line":16,"column":4},"end":{"line":16,"column":5}},"loc":{"start":{"line":16,"column":34},"end":{"line":25,"column":5}},"line":16},"2":{"name":"(anonymous_2)","decl":{"start":{"line":32,"column":4},"end":{"line":32,"column":5}},"loc":{"start":{"line":32,"column":37},"end":{"line":35,"column":5}},"line":32},"3":{"name":"(anonymous_3)","decl":{"start":{"line":43,"column":4},"end":{"line":43,"column":5}},"loc":{"start":{"line":43,"column":42},"end":{"line":45,"column":5}},"line":43}},"branchMap":{"0":{"loc":{"start":{"line":4,"column":8},"end":{"line":6,"column":9}},"type":"if","locations":[{"start":{"line":4,"column":8},"end":{"line":6,"column":9}},{"start":{},"end":{}}],"line":4}},"s":{"0":3,"1":12,"2":9,"3":3,"4":0,"5":0,"6":0,"7":0,"8":0,"9":0,"10":0},"f":{"0":12,"1":0,"2":0,"3":0},"b":{"0":[9,3]},"inputSourceMap":null,"_coverageSchema":"1a1c01bbd47fc00a2c39e90264f33305004495a9","hash":"f9ab7941d5994da02b666efbf5644d7a389a1f83"}
,"C:\\Users\\offic\\Desktop\\Winter-2023\\Web-Dev\\project-cattus\\server\\models\\AdoptionPost.mjs": {"path":"C:\\Users\\offic\\Desktop\\Winter-2023\\Web-Dev\\project-cattus\\server\\models\\AdoptionPost.mjs","statementMap":{"0":{"start":{"line":3,"column":27},"end":{"line":57,"column":2}},"1":{"start":{"line":59,"column":21},"end":{"line":59,"column":71}}},"fnMap":{},"branchMap":{},"s":{"0":3,"1":3},"f":{},"b":{},"inputSourceMap":null,"_coverageSchema":"1a1c01bbd47fc00a2c39e90264f33305004495a9","hash":"795102cee80db6cb55482e3da0a2249708eb667c"}
,"C:\\Users\\offic\\Desktop\\Winter-2023\\Web-Dev\\project-cattus\\server\\models\\Post.mjs": {"path":"C:\\Users\\offic\\Desktop\\Winter-2023\\Web-Dev\\project-cattus\\server\\models\\Post.mjs","statementMap":{"0":{"start":{"line":3,"column":19},"end":{"line":32,"column":2}},"1":{"start":{"line":34,"column":13},"end":{"line":34,"column":47}}},"fnMap":{},"branchMap":{},"s":{"0":3,"1":3},"f":{},"b":{},"inputSourceMap":null,"_coverageSchema":"1a1c01bbd47fc00a2c39e90264f33305004495a9","hash":"09f4126bda36b64dd49a6394acbd6757f5b6ef7f"}
,"C:\\Users\\offic\\Desktop\\Winter-2023\\Web-Dev\\project-cattus\\server\\models\\User.mjs": {"path":"C:\\Users\\offic\\Desktop\\Winter-2023\\Web-Dev\\project-cattus\\server\\models\\User.mjs","statementMap":{"0":{"start":{"line":3,"column":19},"end":{"line":16,"column":2}},"1":{"start":{"line":18,"column":13},"end":{"line":18,"column":47}}},"fnMap":{},"branchMap":{},"s":{"0":3,"1":3},"f":{},"b":{},"inputSourceMap":null,"_coverageSchema":"1a1c01bbd47fc00a2c39e90264f33305004495a9","hash":"a3dd6c1a30dda594e1a3c95c1cd7884451247934"}
,"C:\\Users\\offic\\Desktop\\Winter-2023\\Web-Dev\\project-cattus\\server\\routes\\auth.mjs": {"path":"C:\\Users\\offic\\Desktop\\Winter-2023\\Web-Dev\\project-cattus\\server\\routes\\auth.mjs","statementMap":{"0":{"start":{"line":12,"column":11},"end":{"line":12,"column":25}},"1":{"start":{"line":13,"column":0},"end":{"line":13,"column":15}},"2":{"start":{"line":15,"column":15},"end":{"line":15,"column":61}},"3":{"start":{"line":16,"column":15},"end":{"line":16,"column":31}},"4":{"start":{"line":18,"column":0},"end":{"line":18,"column":26}},"5":{"start":{"line":20,"column":0},"end":{"line":31,"column":3}},"6":{"start":{"line":33,"column":0},"end":{"line":57,"column":2}},"7":{"start":{"line":34,"column":22},"end":{"line":34,"column":30}},"8":{"start":{"line":35,"column":19},"end":{"line":38,"column":6}},"9":{"start":{"line":39,"column":4},"end":{"line":40,"column":34}},"10":{"start":{"line":40,"column":8},"end":{"line":40,"column":34}},"11":{"start":{"line":41,"column":37},"end":{"line":41,"column":56}},"12":{"start":{"line":44,"column":17},"end":{"line":44,"column":69}},"13":{"start":{"line":45,"column":4},"end":{"line":45,"column":29}},"14":{"start":{"line":49,"column":4},"end":{"line":55,"column":6}},"15":{"start":{"line":50,"column":8},"end":{"line":52,"column":9}},"16":{"start":{"line":51,"column":12},"end":{"line":51,"column":38}},"17":{"start":{"line":53,"column":8},"end":{"line":53,"column":31}},"18":{"start":{"line":54,"column":8},"end":{"line":54,"column":32}},"19":{"start":{"line":59,"column":0},"end":{"line":67,"column":2}},"20":{"start":{"line":60,"column":4},"end":{"line":66,"column":6}},"21":{"start":{"line":61,"column":8},"end":{"line":63,"column":9}},"22":{"start":{"line":62,"column":12},"end":{"line":62,"column":38}},"23":{"start":{"line":64,"column":8},"end":{"line":64,"column":29}},"24":{"start":{"line":65,"column":8},"end":{"line":65,"column":27}},"25":{"start":{"line":77,"column":4},"end":{"line":79,"column":5}},"26":{"start":{"line":78,"column":8},"end":{"line":78,"column":35}},"27":{"start":{"line":80,"column":4},"end":{"line":80,"column":11}}},"fnMap":{"0":{"name":"(anonymous_0)","decl":{"start":{"line":33,"column":22},"end":{"line":33,"column":23}},"loc":{"start":{"line":33,"column":42},"end":{"line":57,"column":1}},"line":33},"1":{"name":"(anonymous_1)","decl":{"start":{"line":49,"column":27},"end":{"line":49,"column":28}},"loc":{"start":{"line":49,"column":36},"end":{"line":55,"column":5}},"line":49},"2":{"name":"(anonymous_2)","decl":{"start":{"line":59,"column":39},"end":{"line":59,"column":40}},"loc":{"start":{"line":59,"column":53},"end":{"line":67,"column":1}},"line":59},"3":{"name":"(anonymous_3)","decl":{"start":{"line":60,"column":24},"end":{"line":60,"column":25}},"loc":{"start":{"line":60,"column":39},"end":{"line":66,"column":5}},"line":60},"4":{"name":"isAuthenticated","decl":{"start":{"line":76,"column":9},"end":{"line":76,"column":24}},"loc":{"start":{"line":76,"column":41},"end":{"line":81,"column":1}},"line":76}},"branchMap":{"0":{"loc":{"start":{"line":39,"column":4},"end":{"line":40,"column":34}},"type":"if","locations":[{"start":{"line":39,"column":4},"end":{"line":40,"column":34}},{"start":{},"end":{}}],"line":39},"1":{"loc":{"start":{"line":50,"column":8},"end":{"line":52,"column":9}},"type":"if","locations":[{"start":{"line":50,"column":8},"end":{"line":52,"column":9}},{"start":{},"end":{}}],"line":50},"2":{"loc":{"start":{"line":61,"column":8},"end":{"line":63,"column":9}},"type":"if","locations":[{"start":{"line":61,"column":8},"end":{"line":63,"column":9}},{"start":{},"end":{}}],"line":61},"3":{"loc":{"start":{"line":77,"column":4},"end":{"line":79,"column":5}},"type":"if","locations":[{"start":{"line":77,"column":4},"end":{"line":79,"column":5}},{"start":{},"end":{}}],"line":77}},"s":{"0":3,"1":3,"2":3,"3":3,"4":3,"5":3,"6":3,"7":0,"8":0,"9":0,"10":0,"11":0,"12":0,"13":0,"14":0,"15":0,"16":0,"17":0,"18":0,"19":3,"20":0,"21":0,"22":0,"23":0,"24":0,"25":0,"26":0,"27":0},"f":{"0":0,"1":0,"2":0,"3":0,"4":0},"b":{"0":[0,0],"1":[0,0],"2":[0,0],"3":[0,0]},"inputSourceMap":null,"_coverageSchema":"1a1c01bbd47fc00a2c39e90264f33305004495a9","hash":"5f970242803d135acb8ad3826383ce676c7b351c"}
,"C:\\Users\\offic\\Desktop\\Winter-2023\\Web-Dev\\project-cattus\\server\\routes\\likes.mjs": {"path":"C:\\Users\\offic\\Desktop\\Winter-2023\\Web-Dev\\project-cattus\\server\\routes\\likes.mjs","statementMap":{"0":{"start":{"line":5,"column":15},"end":{"line":5,"column":31}},"1":{"start":{"line":6,"column":11},"end":{"line":6,"column":25}},"2":{"start":{"line":8,"column":0},"end":{"line":12,"column":2}},"3":{"start":{"line":10,"column":2},"end":{"line":10,"column":41}},"4":{"start":{"line":11,"column":2},"end":{"line":11,"column":43}},"5":{"start":{"line":13,"column":0},"end":{"line":16,"column":2}},"6":{"start":{"line":14,"column":2},"end":{"line":14,"column":42}},"7":{"start":{"line":15,"column":2},"end":{"line":15,"column":45}},"8":{"start":{"line":19,"column":13},"end":{"line":19,"column":47}},"9":{"start":{"line":20,"column":2},"end":{"line":24,"column":3}},"10":{"start":{"line":21,"column":4},"end":{"line":21,"column":25}},"11":{"start":{"line":23,"column":4},"end":{"line":23,"column":25}},"12":{"start":{"line":25,"column":2},"end":{"line":25,"column":61}}},"fnMap":{"0":{"name":"(anonymous_0)","decl":{"start":{"line":8,"column":26},"end":{"line":8,"column":27}},"loc":{"start":{"line":8,"column":46},"end":{"line":12,"column":1}},"line":8},"1":{"name":"(anonymous_1)","decl":{"start":{"line":13,"column":28},"end":{"line":13,"column":29}},"loc":{"start":{"line":13,"column":48},"end":{"line":16,"column":1}},"line":13},"2":{"name":"updateLikes","decl":{"start":{"line":18,"column":15},"end":{"line":18,"column":26}},"loc":{"start":{"line":18,"column":43},"end":{"line":26,"column":1}},"line":18}},"branchMap":{"0":{"loc":{"start":{"line":20,"column":2},"end":{"line":24,"column":3}},"type":"if","locations":[{"start":{"line":20,"column":2},"end":{"line":24,"column":3}},{"start":{"line":22,"column":9},"end":{"line":24,"column":3}}],"line":20}},"s":{"0":3,"1":3,"2":3,"3":0,"4":0,"5":3,"6":0,"7":0,"8":0,"9":0,"10":0,"11":0,"12":0},"f":{"0":0,"1":0,"2":0},"b":{"0":[0,0]},"inputSourceMap":null,"_coverageSchema":"1a1c01bbd47fc00a2c39e90264f33305004495a9","hash":"1dac9fe2b6db06b6a883aca7b6c41c4d3b3631c1"}
,"C:\\Users\\offic\\Desktop\\Winter-2023\\Web-Dev\\project-cattus\\server\\routes\\main.mjs": {"path":"C:\\Users\\offic\\Desktop\\Winter-2023\\Web-Dev\\project-cattus\\server\\routes\\main.mjs","statementMap":{"0":{"start":{"line":4,"column":18},"end":{"line":4,"column":32}},"1":{"start":{"line":5,"column":15},"end":{"line":5,"column":31}},"2":{"start":{"line":7,"column":0},"end":{"line":7,"column":26}},"3":{"start":{"line":9,"column":0},"end":{"line":11,"column":3}},"4":{"start":{"line":10,"column":4},"end":{"line":10,"column":69}},"5":{"start":{"line":13,"column":0},"end":{"line":15,"column":2}},"6":{"start":{"line":14,"column":4},"end":{"line":14,"column":83}}},"fnMap":{"0":{"name":"(anonymous_0)","decl":{"start":{"line":9,"column":82},"end":{"line":9,"column":83}},"loc":{"start":{"line":9,"column":96},"end":{"line":11,"column":1}},"line":9},"1":{"name":"(anonymous_1)","decl":{"start":{"line":13,"column":11},"end":{"line":13,"column":12}},"loc":{"start":{"line":13,"column":26},"end":{"line":15,"column":1}},"line":13}},"branchMap":{},"s":{"0":3,"1":3,"2":3,"3":3,"4":6,"5":3,"6":10},"f":{"0":6,"1":10},"b":{},"inputSourceMap":null,"_coverageSchema":"1a1c01bbd47fc00a2c39e90264f33305004495a9","hash":"f7fd9f7fcdb65529c57d4101c076d7bab33f7d97"}
,"C:\\Users\\offic\\Desktop\\Winter-2023\\Web-Dev\\project-cattus\\server\\routes\\post.mjs": {"path":"C:\\Users\\offic\\Desktop\\Winter-2023\\Web-Dev\\project-cattus\\server\\routes\\post.mjs","statementMap":{"0":{"start":{"line":6,"column":15},"end":{"line":6,"column":31}},"1":{"start":{"line":7,"column":11},"end":{"line":7,"column":25}},"2":{"start":{"line":9,"column":0},"end":{"line":9,"column":26}},"3":{"start":{"line":12,"column":0},"end":{"line":14,"column":2}},"4":{"start":{"line":13,"column":4},"end":{"line":13,"column":52}},"5":{"start":{"line":16,"column":0},"end":{"line":18,"column":2}},"6":{"start":{"line":17,"column":4},"end":{"line":17,"column":33}},"7":{"start":{"line":20,"column":0},"end":{"line":22,"column":2}},"8":{"start":{"line":21,"column":4},"end":{"line":21,"column":60}},"9":{"start":{"line":25,"column":0},"end":{"line":27,"column":2}},"10":{"start":{"line":26,"column":4},"end":{"line":26,"column":41}},"11":{"start":{"line":29,"column":0},"end":{"line":32,"column":2}},"12":{"start":{"line":30,"column":20},"end":{"line":30,"column":38}},"13":{"start":{"line":31,"column":4},"end":{"line":31,"column":66}},"14":{"start":{"line":33,"column":0},"end":{"line":36,"column":2}},"15":{"start":{"line":34,"column":18},"end":{"line":34,"column":34}},"16":{"start":{"line":35,"column":4},"end":{"line":35,"column":62}},"17":{"start":{"line":48,"column":17},"end":{"line":48,"column":52}},"18":{"start":{"line":49,"column":4},"end":{"line":54,"column":5}},"19":{"start":{"line":51,"column":8},"end":{"line":51,"column":27}},"20":{"start":{"line":53,"column":8},"end":{"line":53,"column":62}}},"fnMap":{"0":{"name":"(anonymous_0)","decl":{"start":{"line":12,"column":26},"end":{"line":12,"column":27}},"loc":{"start":{"line":12,"column":46},"end":{"line":14,"column":1}},"line":12},"1":{"name":"(anonymous_1)","decl":{"start":{"line":16,"column":24},"end":{"line":16,"column":25}},"loc":{"start":{"line":16,"column":44},"end":{"line":18,"column":1}},"line":16},"2":{"name":"(anonymous_2)","decl":{"start":{"line":20,"column":31},"end":{"line":20,"column":32}},"loc":{"start":{"line":20,"column":51},"end":{"line":22,"column":1}},"line":20},"3":{"name":"(anonymous_3)","decl":{"start":{"line":25,"column":28},"end":{"line":25,"column":29}},"loc":{"start":{"line":25,"column":48},"end":{"line":27,"column":1}},"line":25},"4":{"name":"(anonymous_4)","decl":{"start":{"line":29,"column":32},"end":{"line":29,"column":33}},"loc":{"start":{"line":29,"column":52},"end":{"line":32,"column":1}},"line":29},"5":{"name":"(anonymous_5)","decl":{"start":{"line":33,"column":29},"end":{"line":33,"column":30}},"loc":{"start":{"line":33,"column":45},"end":{"line":36,"column":1}},"line":33},"6":{"name":"sendData","decl":{"start":{"line":46,"column":15},"end":{"line":46,"column":23}},"loc":{"start":{"line":46,"column":48},"end":{"line":55,"column":1}},"line":46}},"branchMap":{"0":{"loc":{"start":{"line":49,"column":4},"end":{"line":54,"column":5}},"type":"if","locations":[{"start":{"line":49,"column":4},"end":{"line":54,"column":5}},{"start":{"line":52,"column":11},"end":{"line":54,"column":5}}],"line":49}},"s":{"0":3,"1":3,"2":3,"3":3,"4":1,"5":3,"6":2,"7":3,"8":1,"9":3,"10":2,"11":3,"12":2,"13":2,"14":3,"15":2,"16":2,"17":10,"18":10,"19":6,"20":4},"f":{"0":1,"1":2,"2":1,"3":2,"4":2,"5":2,"6":10},"b":{"0":[6,4]},"inputSourceMap":null,"_coverageSchema":"1a1c01bbd47fc00a2c39e90264f33305004495a9","hash":"613cd6d35f5401465ed737fc0378b02c16ae004a"}
,"C:\\Users\\offic\\Desktop\\Winter-2023\\Web-Dev\\project-cattus\\server\\routes\\uploadpost.mjs": {"path":"C:\\Users\\offic\\Desktop\\Winter-2023\\Web-Dev\\project-cattus\\server\\routes\\uploadpost.mjs","statementMap":{"0":{"start":{"line":6,"column":15},"end":{"line":6,"column":31}},"1":{"start":{"line":8,"column":0},"end":{"line":8,"column":26}},"2":{"start":{"line":9,"column":0},"end":{"line":13,"column":2}},"3":{"start":{"line":16,"column":0},"end":{"line":28,"column":2}},"4":{"start":{"line":17,"column":20},"end":{"line":17,"column":36}},"5":{"start":{"line":18,"column":17},"end":{"line":18,"column":32}},"6":{"start":{"line":19,"column":4},"end":{"line":27,"column":5}},"7":{"start":{"line":20,"column":8},"end":{"line":26,"column":9}},"8":{"start":{"line":21,"column":12},"end":{"line":21,"column":64}},"9":{"start":{"line":22,"column":12},"end":{"line":22,"column":29}},"10":{"start":{"line":24,"column":12},"end":{"line":24,"column":32}},"11":{"start":{"line":25,"column":12},"end":{"line":25,"column":68}}},"fnMap":{"0":{"name":"(anonymous_0)","decl":{"start":{"line":16,"column":28},"end":{"line":16,"column":29}},"loc":{"start":{"line":16,"column":48},"end":{"line":28,"column":1}},"line":16}},"branchMap":{"0":{"loc":{"start":{"line":19,"column":4},"end":{"line":27,"column":5}},"type":"if","locations":[{"start":{"line":19,"column":4},"end":{"line":27,"column":5}},{"start":{},"end":{}}],"line":19}},"s":{"0":3,"1":3,"2":3,"3":3,"4":0,"5":0,"6":0,"7":0,"8":0,"9":0,"10":0,"11":0},"f":{"0":0},"b":{"0":[0,0]},"inputSourceMap":null,"_coverageSchema":"1a1c01bbd47fc00a2c39e90264f33305004495a9","hash":"fefd5482063bec2f8fa0819b34190184af2d53f4"}
,"C:\\Users\\offic\\Desktop\\Winter-2023\\Web-Dev\\project-cattus\\server\\utils\\captioncheck.mjs": {"path":"C:\\Users\\offic\\Desktop\\Winter-2023\\Web-Dev\\project-cattus\\server\\utils\\captioncheck.mjs","statementMap":{"0":{"start":{"line":8,"column":16},"end":{"line":8,"column":34}},"1":{"start":{"line":9,"column":4},"end":{"line":9,"column":83}},"2":{"start":{"line":9,"column":29},"end":{"line":9,"column":40}},"3":{"start":{"line":9,"column":51},"end":{"line":9,"column":61}},"4":{"start":{"line":9,"column":75},"end":{"line":9,"column":82}}},"fnMap":{"0":{"name":"lookForHashtags","decl":{"start":{"line":7,"column":9},"end":{"line":7,"column":24}},"loc":{"start":{"line":7,"column":34},"end":{"line":10,"column":1}},"line":7},"1":{"name":"(anonymous_1)","decl":{"start":{"line":9,"column":24},"end":{"line":9,"column":25}},"loc":{"start":{"line":9,"column":29},"end":{"line":9,"column":40}},"line":9},"2":{"name":"(anonymous_2)","decl":{"start":{"line":9,"column":46},"end":{"line":9,"column":47}},"loc":{"start":{"line":9,"column":51},"end":{"line":9,"column":61}},"line":9},"3":{"name":"(anonymous_3)","decl":{"start":{"line":9,"column":70},"end":{"line":9,"column":71}},"loc":{"start":{"line":9,"column":75},"end":{"line":9,"column":82}},"line":9}},"branchMap":{},"s":{"0":5,"1":5,"2":18,"3":5,"4":5},"f":{"0":5,"1":18,"2":5,"3":5},"b":{},"inputSourceMap":null,"_coverageSchema":"1a1c01bbd47fc00a2c39e90264f33305004495a9","hash":"e6bb3b9da1e2be8c65fb848ed86f5546444bfbf4"}
,"C:\\Users\\offic\\Desktop\\Winter-2023\\Web-Dev\\project-cattus\\server\\utils\\idgenerator.mjs": {"path":"C:\\Users\\offic\\Desktop\\Winter-2023\\Web-Dev\\project-cattus\\server\\utils\\idgenerator.mjs","statementMap":{"0":{"start":{"line":1,"column":19},"end":{"line":1,"column":83}},"1":{"start":{"line":9,"column":4},"end":{"line":19,"column":5}},"2":{"start":{"line":10,"column":17},"end":{"line":10,"column":19}},"3":{"start":{"line":11,"column":22},"end":{"line":11,"column":23}},"4":{"start":{"line":12,"column":8},"end":{"line":15,"column":9}},"5":{"start":{"line":13,"column":12},"end":{"line":13,"column":83}},"6":{"start":{"line":14,"column":12},"end":{"line":14,"column":25}},"7":{"start":{"line":16,"column":8},"end":{"line":16,"column":18}},"8":{"start":{"line":18,"column":8},"end":{"line":18,"column":58}}},"fnMap":{"0":{"name":"generateID","decl":{"start":{"line":8,"column":9},"end":{"line":8,"column":19}},"loc":{"start":{"line":8,"column":28},"end":{"line":21,"column":1}},"line":8}},"branchMap":{"0":{"loc":{"start":{"line":9,"column":4},"end":{"line":19,"column":5}},"type":"if","locations":[{"start":{"line":9,"column":4},"end":{"line":19,"column":5}},{"start":{"line":17,"column":11},"end":{"line":19,"column":5}}],"line":9}},"s":{"0":5,"1":4,"2":2,"3":2,"4":2,"5":9,"6":9,"7":2,"8":2},"f":{"0":4},"b":{"0":[2,2]},"inputSourceMap":null,"_coverageSchema":"1a1c01bbd47fc00a2c39e90264f33305004495a9","hash":"48f535ca8a3ad9764d94324ec75139aa9e00fb01"}
,"C:\\Users\\offic\\Desktop\\Winter-2023\\Web-Dev\\project-cattus\\server\\utils\\pathHandler.mjs": {"path":"C:\\Users\\offic\\Desktop\\Winter-2023\\Web-Dev\\project-cattus\\server\\utils\\pathHandler.mjs","statementMap":{"0":{"start":{"line":13,"column":8},"end":{"line":15,"column":9}},"1":{"start":{"line":14,"column":12},"end":{"line":14,"column":24}},"2":{"start":{"line":16,"column":23},"end":{"line":16,"column":51}},"3":{"start":{"line":18,"column":28},"end":{"line":18,"column":62}},"4":{"start":{"line":18,"column":47},"end":{"line":18,"column":61}},"5":{"start":{"line":20,"column":8},"end":{"line":22,"column":9}},"6":{"start":{"line":21,"column":12},"end":{"line":21,"column":23}},"7":{"start":{"line":23,"column":8},"end":{"line":23,"column":20}},"8":{"start":{"line":32,"column":25},"end":{"line":32,"column":44}},"9":{"start":{"line":33,"column":8},"end":{"line":33,"column":37}},"10":{"start":{"line":41,"column":23},"end":{"line":41,"column":39}},"11":{"start":{"line":42,"column":8},"end":{"line":44,"column":9}},"12":{"start":{"line":43,"column":12},"end":{"line":43,"column":40}}},"fnMap":{"0":{"name":"(anonymous_0)","decl":{"start":{"line":11,"column":4},"end":{"line":11,"column":5}},"loc":{"start":{"line":11,"column":35},"end":{"line":24,"column":5}},"line":11},"1":{"name":"(anonymous_1)","decl":{"start":{"line":18,"column":42},"end":{"line":18,"column":43}},"loc":{"start":{"line":18,"column":47},"end":{"line":18,"column":61}},"line":18},"2":{"name":"(anonymous_2)","decl":{"start":{"line":31,"column":4},"end":{"line":31,"column":5}},"loc":{"start":{"line":31,"column":35},"end":{"line":34,"column":5}},"line":31},"3":{"name":"(anonymous_3)","decl":{"start":{"line":40,"column":4},"end":{"line":40,"column":5}},"loc":{"start":{"line":40,"column":27},"end":{"line":45,"column":5}},"line":40}},"branchMap":{"0":{"loc":{"start":{"line":13,"column":8},"end":{"line":15,"column":9}},"type":"if","locations":[{"start":{"line":13,"column":8},"end":{"line":15,"column":9}},{"start":{},"end":{}}],"line":13},"1":{"loc":{"start":{"line":20,"column":8},"end":{"line":22,"column":9}},"type":"if","locations":[{"start":{"line":20,"column":8},"end":{"line":22,"column":9}},{"start":{},"end":{}}],"line":20},"2":{"loc":{"start":{"line":42,"column":8},"end":{"line":44,"column":9}},"type":"if","locations":[{"start":{"line":42,"column":8},"end":{"line":44,"column":9}},{"start":{},"end":{}}],"line":42}},"s":{"0":4,"1":2,"2":2,"3":2,"4":2,"5":2,"6":1,"7":1,"8":1,"9":1,"10":0,"11":0,"12":0},"f":{"0":4,"1":2,"2":1,"3":0},"b":{"0":[2,2],"1":[1,1],"2":[0,0]},"inputSourceMap":null,"_coverageSchema":"1a1c01bbd47fc00a2c39e90264f33305004495a9","hash":"3fdc51d953290482b4618854968cbc07f8a1dc3d"}
}
