{"C:\\Users\\johnn\\OneDrive\\Desktop\\school\\Web-Dev-V\\project-cattus\\server\\app.mjs": {"path":"C:\\Users\\johnn\\OneDrive\\Desktop\\school\\Web-Dev-V\\project-cattus\\server\\app.mjs","statementMap":{"0":{"start":{"line":9,"column":12},"end":{"line":9,"column":21}},"1":{"start":{"line":10,"column":0},"end":{"line":10,"column":42}},"2":{"start":{"line":12,"column":0},"end":{"line":12,"column":22}},"3":{"start":{"line":13,"column":0},"end":{"line":13,"column":24}},"4":{"start":{"line":14,"column":0},"end":{"line":14,"column":22}},"5":{"start":{"line":15,"column":0},"end":{"line":15,"column":25}},"6":{"start":{"line":16,"column":0},"end":{"line":16,"column":37}},"7":{"start":{"line":17,"column":0},"end":{"line":17,"column":18}}},"fnMap":{},"branchMap":{},"s":{"0":3,"1":3,"2":3,"3":3,"4":3,"5":3,"6":3,"7":3},"f":{},"b":{},"inputSourceMap":null,"_coverageSchema":"1a1c01bbd47fc00a2c39e90264f33305004495a9","hash":"350d0f6f5d98a316ff64873293a964dc2aca9f2b"}
,"C:\\Users\\johnn\\OneDrive\\Desktop\\school\\Web-Dev-V\\project-cattus\\server\\db\\azure.mjs": {"path":"C:\\Users\\johnn\\OneDrive\\Desktop\\school\\Web-Dev-V\\project-cattus\\server\\db\\azure.mjs","statementMap":{"0":{"start":{"line":8,"column":11},"end":{"line":8,"column":25}},"1":{"start":{"line":9,"column":11},"end":{"line":9,"column":28}},"2":{"start":{"line":11,"column":0},"end":{"line":11,"column":15}},"3":{"start":{"line":13,"column":27},"end":{"line":13,"column":59}},"4":{"start":{"line":14,"column":17},"end":{"line":14,"column":38}},"5":{"start":{"line":15,"column":22},"end":{"line":15,"column":48}},"6":{"start":{"line":16,"column":15},"end":{"line":16,"column":61}},"7":{"start":{"line":26,"column":18},"end":{"line":26,"column":41}},"8":{"start":{"line":27,"column":17},"end":{"line":27,"column":56}},"9":{"start":{"line":28,"column":4},"end":{"line":28,"column":36}},"10":{"start":{"line":42,"column":15},"end":{"line":42,"column":24}},"11":{"start":{"line":43,"column":20},"end":{"line":43,"column":74}},"12":{"start":{"line":44,"column":18},"end":{"line":44,"column":54}},"13":{"start":{"line":45,"column":24},"end":{"line":45,"column":71}},"14":{"start":{"line":46,"column":28},"end":{"line":46,"column":73}},"15":{"start":{"line":48,"column":18},"end":{"line":48,"column":58}},"16":{"start":{"line":49,"column":4},"end":{"line":53,"column":5}},"17":{"start":{"line":51,"column":8},"end":{"line":51,"column":48}},"18":{"start":{"line":52,"column":8},"end":{"line":52,"column":54}},"19":{"start":{"line":54,"column":23},"end":{"line":54,"column":63}},"20":{"start":{"line":55,"column":20},"end":{"line":55,"column":75}},"21":{"start":{"line":56,"column":4},"end":{"line":56,"column":51}},"22":{"start":{"line":57,"column":4},"end":{"line":57,"column":18}},"23":{"start":{"line":70,"column":15},"end":{"line":78,"column":5}},"24":{"start":{"line":79,"column":4},"end":{"line":79,"column":15}}},"fnMap":{"0":{"name":"uploadToAzureDB","decl":{"start":{"line":25,"column":15},"end":{"line":25,"column":30}},"loc":{"start":{"line":25,"column":63},"end":{"line":29,"column":1}},"line":25},"1":{"name":"saveToAzure","decl":{"start":{"line":41,"column":15},"end":{"line":41,"column":26}},"loc":{"start":{"line":41,"column":33},"end":{"line":58,"column":1}},"line":41},"2":{"name":"getPostData","decl":{"start":{"line":69,"column":9},"end":{"line":69,"column":20}},"loc":{"start":{"line":69,"column":47},"end":{"line":80,"column":1}},"line":69}},"branchMap":{"0":{"loc":{"start":{"line":49,"column":4},"end":{"line":53,"column":5}},"type":"if","locations":[{"start":{"line":49,"column":4},"end":{"line":53,"column":5}},{"start":{},"end":{}}],"line":49}},"s":{"0":3,"1":3,"2":3,"3":3,"4":3,"5":3,"6":3,"7":0,"8":0,"9":0,"10":0,"11":0,"12":0,"13":0,"14":0,"15":0,"16":0,"17":0,"18":0,"19":0,"20":0,"21":0,"22":0,"23":0,"24":0},"f":{"0":0,"1":0,"2":0},"b":{"0":[0,0]},"inputSourceMap":null,"_coverageSchema":"1a1c01bbd47fc00a2c39e90264f33305004495a9","hash":"ae7398a88aabb95716f89813af2aab822f62cfdb"}
,"C:\\Users\\johnn\\OneDrive\\Desktop\\school\\Web-Dev-V\\project-cattus\\server\\db\\dataHandler.mjs": {"path":"C:\\Users\\johnn\\OneDrive\\Desktop\\school\\Web-Dev-V\\project-cattus\\server\\db\\dataHandler.mjs","statementMap":{"0":{"start":{"line":6,"column":11},"end":{"line":6,"column":25}},"1":{"start":{"line":9,"column":4},"end":{"line":12,"column":5}},"2":{"start":{"line":10,"column":25},"end":{"line":10,"column":48}},"3":{"start":{"line":11,"column":8},"end":{"line":11,"column":66}},"4":{"start":{"line":13,"column":4},"end":{"line":15,"column":5}},"5":{"start":{"line":14,"column":8},"end":{"line":14,"column":64}},"6":{"start":{"line":19,"column":15},"end":{"line":19,"column":49}},"7":{"start":{"line":20,"column":4},"end":{"line":24,"column":5}},"8":{"start":{"line":21,"column":6},"end":{"line":21,"column":27}},"9":{"start":{"line":23,"column":6},"end":{"line":23,"column":27}},"10":{"start":{"line":25,"column":4},"end":{"line":25,"column":63}}},"fnMap":{"0":{"name":"editUserProfile","decl":{"start":{"line":8,"column":15},"end":{"line":8,"column":30}},"loc":{"start":{"line":8,"column":53},"end":{"line":16,"column":1}},"line":8},"1":{"name":"updateLikes","decl":{"start":{"line":18,"column":15},"end":{"line":18,"column":26}},"loc":{"start":{"line":18,"column":43},"end":{"line":26,"column":3}},"line":18}},"branchMap":{"0":{"loc":{"start":{"line":9,"column":4},"end":{"line":12,"column":5}},"type":"if","locations":[{"start":{"line":9,"column":4},"end":{"line":12,"column":5}},{"start":{},"end":{}}],"line":9},"1":{"loc":{"start":{"line":13,"column":4},"end":{"line":15,"column":5}},"type":"if","locations":[{"start":{"line":13,"column":4},"end":{"line":15,"column":5}},{"start":{},"end":{}}],"line":13},"2":{"loc":{"start":{"line":20,"column":4},"end":{"line":24,"column":5}},"type":"if","locations":[{"start":{"line":20,"column":4},"end":{"line":24,"column":5}},{"start":{"line":22,"column":11},"end":{"line":24,"column":5}}],"line":20}},"s":{"0":3,"1":0,"2":0,"3":0,"4":0,"5":0,"6":0,"7":0,"8":0,"9":0,"10":0},"f":{"0":0,"1":0},"b":{"0":[0,0],"1":[0,0],"2":[0,0]},"inputSourceMap":null,"_coverageSchema":"1a1c01bbd47fc00a2c39e90264f33305004495a9","hash":"8e9df9fe69e9b14141ef89f9434f51fb05cbd88f"}
,"C:\\Users\\johnn\\OneDrive\\Desktop\\school\\Web-Dev-V\\project-cattus\\server\\db\\dbHelper.mjs": {"path":"C:\\Users\\johnn\\OneDrive\\Desktop\\school\\Web-Dev-V\\project-cattus\\server\\db\\dbHelper.mjs","statementMap":{"0":{"start":{"line":1,"column":16},"end":{"line":1,"column":20}},"1":{"start":{"line":4,"column":8},"end":{"line":6,"column":9}},"2":{"start":{"line":5,"column":12},"end":{"line":5,"column":28}},"3":{"start":{"line":7,"column":8},"end":{"line":7,"column":25}},"4":{"start":{"line":18,"column":21},"end":{"line":18,"column":32}},"5":{"start":{"line":19,"column":8},"end":{"line":24,"column":9}},"6":{"start":{"line":21,"column":12},"end":{"line":21,"column":29}},"7":{"start":{"line":23,"column":12},"end":{"line":23,"column":53}},"8":{"start":{"line":33,"column":21},"end":{"line":33,"column":44}},"9":{"start":{"line":34,"column":8},"end":{"line":34,"column":19}},"10":{"start":{"line":44,"column":8},"end":{"line":44,"column":50}}},"fnMap":{"0":{"name":"(anonymous_0)","decl":{"start":{"line":3,"column":4},"end":{"line":3,"column":5}},"loc":{"start":{"line":3,"column":18},"end":{"line":8,"column":5}},"line":3},"1":{"name":"(anonymous_1)","decl":{"start":{"line":16,"column":4},"end":{"line":16,"column":5}},"loc":{"start":{"line":16,"column":34},"end":{"line":25,"column":5}},"line":16},"2":{"name":"(anonymous_2)","decl":{"start":{"line":32,"column":4},"end":{"line":32,"column":5}},"loc":{"start":{"line":32,"column":37},"end":{"line":35,"column":5}},"line":32},"3":{"name":"(anonymous_3)","decl":{"start":{"line":43,"column":4},"end":{"line":43,"column":5}},"loc":{"start":{"line":43,"column":42},"end":{"line":45,"column":5}},"line":43}},"branchMap":{"0":{"loc":{"start":{"line":4,"column":8},"end":{"line":6,"column":9}},"type":"if","locations":[{"start":{"line":4,"column":8},"end":{"line":6,"column":9}},{"start":{},"end":{}}],"line":4}},"s":{"0":3,"1":15,"2":12,"3":3,"4":0,"5":0,"6":0,"7":0,"8":0,"9":0,"10":0},"f":{"0":15,"1":0,"2":0,"3":0},"b":{"0":[12,3]},"inputSourceMap":null,"_coverageSchema":"1a1c01bbd47fc00a2c39e90264f33305004495a9","hash":"7f8eb8b48d72607c64a7749cafde0878d9f018a5"}
,"C:\\Users\\johnn\\OneDrive\\Desktop\\school\\Web-Dev-V\\project-cattus\\server\\models\\AdoptionPost.mjs": {"path":"C:\\Users\\johnn\\OneDrive\\Desktop\\school\\Web-Dev-V\\project-cattus\\server\\models\\AdoptionPost.mjs","statementMap":{"0":{"start":{"line":3,"column":27},"end":{"line":57,"column":2}},"1":{"start":{"line":59,"column":21},"end":{"line":59,"column":71}}},"fnMap":{},"branchMap":{},"s":{"0":3,"1":3},"f":{},"b":{},"inputSourceMap":null,"_coverageSchema":"1a1c01bbd47fc00a2c39e90264f33305004495a9","hash":"f3f5e86e8954b9fd87e06dd2b8ccba98b9ea6606"}
,"C:\\Users\\johnn\\OneDrive\\Desktop\\school\\Web-Dev-V\\project-cattus\\server\\models\\Post.mjs": {"path":"C:\\Users\\johnn\\OneDrive\\Desktop\\school\\Web-Dev-V\\project-cattus\\server\\models\\Post.mjs","statementMap":{"0":{"start":{"line":3,"column":19},"end":{"line":32,"column":2}},"1":{"start":{"line":34,"column":13},"end":{"line":34,"column":47}}},"fnMap":{},"branchMap":{},"s":{"0":3,"1":3},"f":{},"b":{},"inputSourceMap":null,"_coverageSchema":"1a1c01bbd47fc00a2c39e90264f33305004495a9","hash":"4252f947243cb6369cc941d1d1828899edc3417b"}
,"C:\\Users\\johnn\\OneDrive\\Desktop\\school\\Web-Dev-V\\project-cattus\\server\\models\\User.mjs": {"path":"C:\\Users\\johnn\\OneDrive\\Desktop\\school\\Web-Dev-V\\project-cattus\\server\\models\\User.mjs","statementMap":{"0":{"start":{"line":3,"column":19},"end":{"line":16,"column":2}},"1":{"start":{"line":18,"column":13},"end":{"line":18,"column":47}}},"fnMap":{},"branchMap":{},"s":{"0":3,"1":3},"f":{},"b":{},"inputSourceMap":null,"_coverageSchema":"1a1c01bbd47fc00a2c39e90264f33305004495a9","hash":"472f087a8abbbe4a834da51bc963c95760966344"}
,"C:\\Users\\johnn\\OneDrive\\Desktop\\school\\Web-Dev-V\\project-cattus\\server\\routes\\auth.mjs": {"path":"C:\\Users\\johnn\\OneDrive\\Desktop\\school\\Web-Dev-V\\project-cattus\\server\\routes\\auth.mjs","statementMap":{"0":{"start":{"line":12,"column":11},"end":{"line":12,"column":25}},"1":{"start":{"line":13,"column":0},"end":{"line":13,"column":15}},"2":{"start":{"line":15,"column":15},"end":{"line":15,"column":61}},"3":{"start":{"line":16,"column":15},"end":{"line":16,"column":31}},"4":{"start":{"line":18,"column":0},"end":{"line":18,"column":26}},"5":{"start":{"line":20,"column":0},"end":{"line":31,"column":3}},"6":{"start":{"line":33,"column":0},"end":{"line":58,"column":2}},"7":{"start":{"line":34,"column":22},"end":{"line":34,"column":30}},"8":{"start":{"line":35,"column":19},"end":{"line":38,"column":6}},"9":{"start":{"line":39,"column":4},"end":{"line":40,"column":34}},"10":{"start":{"line":40,"column":8},"end":{"line":40,"column":34}},"11":{"start":{"line":41,"column":37},"end":{"line":41,"column":56}},"12":{"start":{"line":43,"column":15},"end":{"line":43,"column":46}},"13":{"start":{"line":44,"column":4},"end":{"line":53,"column":5}},"14":{"start":{"line":46,"column":21},"end":{"line":46,"column":73}},"15":{"start":{"line":47,"column":8},"end":{"line":47,"column":33}},"16":{"start":{"line":49,"column":8},"end":{"line":49,"column":41}},"17":{"start":{"line":52,"column":8},"end":{"line":52,"column":42}},"18":{"start":{"line":60,"column":0},"end":{"line":68,"column":2}},"19":{"start":{"line":61,"column":4},"end":{"line":67,"column":6}},"20":{"start":{"line":62,"column":8},"end":{"line":64,"column":9}},"21":{"start":{"line":63,"column":12},"end":{"line":63,"column":38}},"22":{"start":{"line":65,"column":8},"end":{"line":65,"column":29}},"23":{"start":{"line":66,"column":8},"end":{"line":66,"column":27}},"24":{"start":{"line":71,"column":4},"end":{"line":77,"column":6}},"25":{"start":{"line":72,"column":8},"end":{"line":74,"column":9}},"26":{"start":{"line":73,"column":12},"end":{"line":73,"column":38}},"27":{"start":{"line":75,"column":8},"end":{"line":75,"column":31}},"28":{"start":{"line":76,"column":8},"end":{"line":76,"column":32}},"29":{"start":{"line":88,"column":4},"end":{"line":90,"column":5}},"30":{"start":{"line":89,"column":8},"end":{"line":89,"column":35}},"31":{"start":{"line":91,"column":4},"end":{"line":91,"column":11}}},"fnMap":{"0":{"name":"(anonymous_0)","decl":{"start":{"line":33,"column":22},"end":{"line":33,"column":23}},"loc":{"start":{"line":33,"column":42},"end":{"line":58,"column":1}},"line":33},"1":{"name":"(anonymous_1)","decl":{"start":{"line":60,"column":39},"end":{"line":60,"column":40}},"loc":{"start":{"line":60,"column":53},"end":{"line":68,"column":1}},"line":60},"2":{"name":"(anonymous_2)","decl":{"start":{"line":61,"column":24},"end":{"line":61,"column":25}},"loc":{"start":{"line":61,"column":39},"end":{"line":67,"column":5}},"line":61},"3":{"name":"regenerateSession","decl":{"start":{"line":70,"column":9},"end":{"line":70,"column":26}},"loc":{"start":{"line":70,"column":43},"end":{"line":78,"column":1}},"line":70},"4":{"name":"(anonymous_4)","decl":{"start":{"line":71,"column":27},"end":{"line":71,"column":28}},"loc":{"start":{"line":71,"column":36},"end":{"line":77,"column":5}},"line":71},"5":{"name":"isAuthenticated","decl":{"start":{"line":87,"column":9},"end":{"line":87,"column":24}},"loc":{"start":{"line":87,"column":41},"end":{"line":92,"column":1}},"line":87}},"branchMap":{"0":{"loc":{"start":{"line":39,"column":4},"end":{"line":40,"column":34}},"type":"if","locations":[{"start":{"line":39,"column":4},"end":{"line":40,"column":34}},{"start":{},"end":{}}],"line":39},"1":{"loc":{"start":{"line":44,"column":4},"end":{"line":53,"column":5}},"type":"if","locations":[{"start":{"line":44,"column":4},"end":{"line":53,"column":5}},{"start":{"line":50,"column":11},"end":{"line":53,"column":5}}],"line":44},"2":{"loc":{"start":{"line":62,"column":8},"end":{"line":64,"column":9}},"type":"if","locations":[{"start":{"line":62,"column":8},"end":{"line":64,"column":9}},{"start":{},"end":{}}],"line":62},"3":{"loc":{"start":{"line":72,"column":8},"end":{"line":74,"column":9}},"type":"if","locations":[{"start":{"line":72,"column":8},"end":{"line":74,"column":9}},{"start":{},"end":{}}],"line":72},"4":{"loc":{"start":{"line":88,"column":4},"end":{"line":90,"column":5}},"type":"if","locations":[{"start":{"line":88,"column":4},"end":{"line":90,"column":5}},{"start":{},"end":{}}],"line":88}},"s":{"0":3,"1":3,"2":3,"3":3,"4":3,"5":3,"6":3,"7":0,"8":0,"9":0,"10":0,"11":0,"12":0,"13":0,"14":0,"15":0,"16":0,"17":0,"18":3,"19":0,"20":0,"21":0,"22":0,"23":0,"24":0,"25":0,"26":0,"27":0,"28":0,"29":0,"30":0,"31":0},"f":{"0":0,"1":0,"2":0,"3":0,"4":0,"5":0},"b":{"0":[0,0],"1":[0,0],"2":[0,0],"3":[0,0],"4":[0,0]},"inputSourceMap":null,"_coverageSchema":"1a1c01bbd47fc00a2c39e90264f33305004495a9","hash":"4788b9d0bd500ca9842d9b4d5d2d961b7cdc56b1"}
,"C:\\Users\\johnn\\OneDrive\\Desktop\\school\\Web-Dev-V\\project-cattus\\server\\routes\\likes.mjs": {"path":"C:\\Users\\johnn\\OneDrive\\Desktop\\school\\Web-Dev-V\\project-cattus\\server\\routes\\likes.mjs","statementMap":{"0":{"start":{"line":5,"column":15},"end":{"line":5,"column":31}},"1":{"start":{"line":6,"column":11},"end":{"line":6,"column":25}},"2":{"start":{"line":8,"column":0},"end":{"line":12,"column":2}},"3":{"start":{"line":10,"column":2},"end":{"line":10,"column":41}},"4":{"start":{"line":11,"column":2},"end":{"line":11,"column":43}},"5":{"start":{"line":13,"column":0},"end":{"line":16,"column":2}},"6":{"start":{"line":14,"column":2},"end":{"line":14,"column":42}},"7":{"start":{"line":15,"column":2},"end":{"line":15,"column":45}}},"fnMap":{"0":{"name":"(anonymous_0)","decl":{"start":{"line":8,"column":26},"end":{"line":8,"column":27}},"loc":{"start":{"line":8,"column":46},"end":{"line":12,"column":1}},"line":8},"1":{"name":"(anonymous_1)","decl":{"start":{"line":13,"column":28},"end":{"line":13,"column":29}},"loc":{"start":{"line":13,"column":48},"end":{"line":16,"column":1}},"line":13}},"branchMap":{},"s":{"0":3,"1":3,"2":3,"3":0,"4":0,"5":3,"6":0,"7":0},"f":{"0":0,"1":0},"b":{},"inputSourceMap":null,"_coverageSchema":"1a1c01bbd47fc00a2c39e90264f33305004495a9","hash":"6da7fe9dfcc1b5cf709e966e47c33c171edcaf70"}
,"C:\\Users\\johnn\\OneDrive\\Desktop\\school\\Web-Dev-V\\project-cattus\\server\\routes\\main.mjs": {"path":"C:\\Users\\johnn\\OneDrive\\Desktop\\school\\Web-Dev-V\\project-cattus\\server\\routes\\main.mjs","statementMap":{"0":{"start":{"line":4,"column":18},"end":{"line":4,"column":32}},"1":{"start":{"line":5,"column":15},"end":{"line":5,"column":31}},"2":{"start":{"line":7,"column":0},"end":{"line":7,"column":26}},"3":{"start":{"line":9,"column":0},"end":{"line":11,"column":3}},"4":{"start":{"line":10,"column":4},"end":{"line":10,"column":69}},"5":{"start":{"line":13,"column":0},"end":{"line":15,"column":2}},"6":{"start":{"line":14,"column":4},"end":{"line":14,"column":83}}},"fnMap":{"0":{"name":"(anonymous_0)","decl":{"start":{"line":9,"column":99},"end":{"line":9,"column":100}},"loc":{"start":{"line":9,"column":113},"end":{"line":11,"column":1}},"line":9},"1":{"name":"(anonymous_1)","decl":{"start":{"line":13,"column":11},"end":{"line":13,"column":12}},"loc":{"start":{"line":13,"column":26},"end":{"line":15,"column":1}},"line":13}},"branchMap":{},"s":{"0":3,"1":3,"2":3,"3":3,"4":6,"5":3,"6":10},"f":{"0":6,"1":10},"b":{},"inputSourceMap":null,"_coverageSchema":"1a1c01bbd47fc00a2c39e90264f33305004495a9","hash":"2327fad330c6f4a92b19dbe7d898954fcd43f9cd"}
,"C:\\Users\\johnn\\OneDrive\\Desktop\\school\\Web-Dev-V\\project-cattus\\server\\routes\\post.mjs": {"path":"C:\\Users\\johnn\\OneDrive\\Desktop\\school\\Web-Dev-V\\project-cattus\\server\\routes\\post.mjs","statementMap":{"0":{"start":{"line":6,"column":15},"end":{"line":6,"column":31}},"1":{"start":{"line":7,"column":11},"end":{"line":7,"column":25}},"2":{"start":{"line":9,"column":0},"end":{"line":9,"column":26}},"3":{"start":{"line":12,"column":0},"end":{"line":14,"column":2}},"4":{"start":{"line":13,"column":4},"end":{"line":13,"column":52}},"5":{"start":{"line":16,"column":0},"end":{"line":18,"column":2}},"6":{"start":{"line":17,"column":4},"end":{"line":17,"column":33}},"7":{"start":{"line":20,"column":0},"end":{"line":22,"column":2}},"8":{"start":{"line":21,"column":4},"end":{"line":21,"column":60}},"9":{"start":{"line":25,"column":0},"end":{"line":27,"column":2}},"10":{"start":{"line":26,"column":4},"end":{"line":26,"column":41}},"11":{"start":{"line":29,"column":0},"end":{"line":32,"column":2}},"12":{"start":{"line":30,"column":20},"end":{"line":30,"column":38}},"13":{"start":{"line":31,"column":4},"end":{"line":31,"column":68}},"14":{"start":{"line":44,"column":17},"end":{"line":44,"column":52}},"15":{"start":{"line":45,"column":4},"end":{"line":50,"column":5}},"16":{"start":{"line":47,"column":8},"end":{"line":47,"column":27}},"17":{"start":{"line":49,"column":8},"end":{"line":49,"column":62}}},"fnMap":{"0":{"name":"(anonymous_0)","decl":{"start":{"line":12,"column":26},"end":{"line":12,"column":27}},"loc":{"start":{"line":12,"column":46},"end":{"line":14,"column":1}},"line":12},"1":{"name":"(anonymous_1)","decl":{"start":{"line":16,"column":24},"end":{"line":16,"column":25}},"loc":{"start":{"line":16,"column":44},"end":{"line":18,"column":1}},"line":16},"2":{"name":"(anonymous_2)","decl":{"start":{"line":20,"column":31},"end":{"line":20,"column":32}},"loc":{"start":{"line":20,"column":51},"end":{"line":22,"column":1}},"line":20},"3":{"name":"(anonymous_3)","decl":{"start":{"line":25,"column":28},"end":{"line":25,"column":29}},"loc":{"start":{"line":25,"column":48},"end":{"line":27,"column":1}},"line":25},"4":{"name":"(anonymous_4)","decl":{"start":{"line":29,"column":32},"end":{"line":29,"column":33}},"loc":{"start":{"line":29,"column":52},"end":{"line":32,"column":1}},"line":29},"5":{"name":"sendData","decl":{"start":{"line":42,"column":15},"end":{"line":42,"column":23}},"loc":{"start":{"line":42,"column":48},"end":{"line":51,"column":1}},"line":42}},"branchMap":{"0":{"loc":{"start":{"line":45,"column":4},"end":{"line":50,"column":5}},"type":"if","locations":[{"start":{"line":45,"column":4},"end":{"line":50,"column":5}},{"start":{"line":48,"column":11},"end":{"line":50,"column":5}}],"line":45}},"s":{"0":3,"1":3,"2":3,"3":3,"4":1,"5":3,"6":2,"7":3,"8":1,"9":3,"10":2,"11":3,"12":2,"13":2,"14":8,"15":8,"16":5,"17":3},"f":{"0":1,"1":2,"2":1,"3":2,"4":2,"5":8},"b":{"0":[5,3]},"inputSourceMap":null,"_coverageSchema":"1a1c01bbd47fc00a2c39e90264f33305004495a9","hash":"25baba85cef5024a5769a8a94476df25442bae6a"}
,"C:\\Users\\johnn\\OneDrive\\Desktop\\school\\Web-Dev-V\\project-cattus\\server\\routes\\uploadpost.mjs": {"path":"C:\\Users\\johnn\\OneDrive\\Desktop\\school\\Web-Dev-V\\project-cattus\\server\\routes\\uploadpost.mjs","statementMap":{"0":{"start":{"line":6,"column":15},"end":{"line":6,"column":31}},"1":{"start":{"line":8,"column":0},"end":{"line":8,"column":26}},"2":{"start":{"line":9,"column":0},"end":{"line":13,"column":2}},"3":{"start":{"line":16,"column":0},"end":{"line":28,"column":2}},"4":{"start":{"line":17,"column":20},"end":{"line":17,"column":36}},"5":{"start":{"line":18,"column":17},"end":{"line":18,"column":32}},"6":{"start":{"line":19,"column":4},"end":{"line":27,"column":5}},"7":{"start":{"line":20,"column":8},"end":{"line":26,"column":9}},"8":{"start":{"line":21,"column":12},"end":{"line":21,"column":66}},"9":{"start":{"line":22,"column":12},"end":{"line":22,"column":29}},"10":{"start":{"line":24,"column":12},"end":{"line":24,"column":32}},"11":{"start":{"line":25,"column":12},"end":{"line":25,"column":68}}},"fnMap":{"0":{"name":"(anonymous_0)","decl":{"start":{"line":16,"column":28},"end":{"line":16,"column":29}},"loc":{"start":{"line":16,"column":48},"end":{"line":28,"column":1}},"line":16}},"branchMap":{"0":{"loc":{"start":{"line":19,"column":4},"end":{"line":27,"column":5}},"type":"if","locations":[{"start":{"line":19,"column":4},"end":{"line":27,"column":5}},{"start":{},"end":{}}],"line":19}},"s":{"0":3,"1":3,"2":3,"3":3,"4":0,"5":0,"6":0,"7":0,"8":0,"9":0,"10":0,"11":0},"f":{"0":0},"b":{"0":[0,0]},"inputSourceMap":null,"_coverageSchema":"1a1c01bbd47fc00a2c39e90264f33305004495a9","hash":"b74509991c4b4edf6ac5d03bda6db8c16f033e33"}
,"C:\\Users\\johnn\\OneDrive\\Desktop\\school\\Web-Dev-V\\project-cattus\\server\\routes\\uploadprofile.mjs": {"path":"C:\\Users\\johnn\\OneDrive\\Desktop\\school\\Web-Dev-V\\project-cattus\\server\\routes\\uploadprofile.mjs","statementMap":{"0":{"start":{"line":6,"column":15},"end":{"line":6,"column":31}},"1":{"start":{"line":8,"column":0},"end":{"line":8,"column":26}},"2":{"start":{"line":9,"column":0},"end":{"line":13,"column":2}},"3":{"start":{"line":16,"column":0},"end":{"line":36,"column":2}},"4":{"start":{"line":17,"column":18},"end":{"line":17,"column":32}},"5":{"start":{"line":18,"column":21},"end":{"line":18,"column":38}},"6":{"start":{"line":19,"column":4},"end":{"line":35,"column":5}},"7":{"start":{"line":20,"column":22},"end":{"line":20,"column":37}},"8":{"start":{"line":21,"column":8},"end":{"line":27,"column":9}},"9":{"start":{"line":23,"column":12},"end":{"line":23,"column":57}},"10":{"start":{"line":26,"column":12},"end":{"line":26,"column":53}},"11":{"start":{"line":29,"column":8},"end":{"line":29,"column":30}},"12":{"start":{"line":32,"column":8},"end":{"line":32,"column":52}},"13":{"start":{"line":34,"column":8},"end":{"line":34,"column":30}},"14":{"start":{"line":41,"column":17},"end":{"line":41,"column":47}},"15":{"start":{"line":42,"column":4},"end":{"line":42,"column":33}}},"fnMap":{"0":{"name":"(anonymous_0)","decl":{"start":{"line":16,"column":23},"end":{"line":16,"column":24}},"loc":{"start":{"line":16,"column":43},"end":{"line":36,"column":1}},"line":16},"1":{"name":"sendUpdatedUser","decl":{"start":{"line":40,"column":15},"end":{"line":40,"column":30}},"loc":{"start":{"line":40,"column":37},"end":{"line":43,"column":1}},"line":40}},"branchMap":{"0":{"loc":{"start":{"line":21,"column":8},"end":{"line":27,"column":9}},"type":"if","locations":[{"start":{"line":21,"column":8},"end":{"line":27,"column":9}},{"start":{"line":24,"column":15},"end":{"line":27,"column":9}}],"line":21}},"s":{"0":3,"1":3,"2":3,"3":3,"4":0,"5":0,"6":0,"7":0,"8":0,"9":0,"10":0,"11":0,"12":0,"13":0,"14":0,"15":0},"f":{"0":0,"1":0},"b":{"0":[0,0]},"inputSourceMap":null,"_coverageSchema":"1a1c01bbd47fc00a2c39e90264f33305004495a9","hash":"4833af3f49214d548aa343a3508912fe0cc184f3"}
,"C:\\Users\\johnn\\OneDrive\\Desktop\\school\\Web-Dev-V\\project-cattus\\server\\utils\\captioncheck.mjs": {"path":"C:\\Users\\johnn\\OneDrive\\Desktop\\school\\Web-Dev-V\\project-cattus\\server\\utils\\captioncheck.mjs","statementMap":{"0":{"start":{"line":8,"column":16},"end":{"line":8,"column":34}},"1":{"start":{"line":9,"column":4},"end":{"line":9,"column":83}},"2":{"start":{"line":9,"column":29},"end":{"line":9,"column":40}},"3":{"start":{"line":9,"column":51},"end":{"line":9,"column":61}},"4":{"start":{"line":9,"column":75},"end":{"line":9,"column":82}}},"fnMap":{"0":{"name":"lookForHashtags","decl":{"start":{"line":7,"column":9},"end":{"line":7,"column":24}},"loc":{"start":{"line":7,"column":34},"end":{"line":10,"column":1}},"line":7},"1":{"name":"(anonymous_1)","decl":{"start":{"line":9,"column":24},"end":{"line":9,"column":25}},"loc":{"start":{"line":9,"column":29},"end":{"line":9,"column":40}},"line":9},"2":{"name":"(anonymous_2)","decl":{"start":{"line":9,"column":46},"end":{"line":9,"column":47}},"loc":{"start":{"line":9,"column":51},"end":{"line":9,"column":61}},"line":9},"3":{"name":"(anonymous_3)","decl":{"start":{"line":9,"column":70},"end":{"line":9,"column":71}},"loc":{"start":{"line":9,"column":75},"end":{"line":9,"column":82}},"line":9}},"branchMap":{},"s":{"0":5,"1":5,"2":18,"3":5,"4":5},"f":{"0":5,"1":18,"2":5,"3":5},"b":{},"inputSourceMap":null,"_coverageSchema":"1a1c01bbd47fc00a2c39e90264f33305004495a9","hash":"c9d19c2ba4bb0bddfde651779f833b4df774c1ec"}
,"C:\\Users\\johnn\\OneDrive\\Desktop\\school\\Web-Dev-V\\project-cattus\\server\\utils\\idgenerator.mjs": {"path":"C:\\Users\\johnn\\OneDrive\\Desktop\\school\\Web-Dev-V\\project-cattus\\server\\utils\\idgenerator.mjs","statementMap":{"0":{"start":{"line":1,"column":19},"end":{"line":1,"column":83}},"1":{"start":{"line":9,"column":4},"end":{"line":19,"column":5}},"2":{"start":{"line":10,"column":17},"end":{"line":10,"column":19}},"3":{"start":{"line":11,"column":22},"end":{"line":11,"column":23}},"4":{"start":{"line":12,"column":8},"end":{"line":15,"column":9}},"5":{"start":{"line":13,"column":12},"end":{"line":13,"column":83}},"6":{"start":{"line":14,"column":12},"end":{"line":14,"column":25}},"7":{"start":{"line":16,"column":8},"end":{"line":16,"column":18}},"8":{"start":{"line":18,"column":8},"end":{"line":18,"column":58}}},"fnMap":{"0":{"name":"generateID","decl":{"start":{"line":8,"column":9},"end":{"line":8,"column":19}},"loc":{"start":{"line":8,"column":28},"end":{"line":21,"column":1}},"line":8}},"branchMap":{"0":{"loc":{"start":{"line":9,"column":4},"end":{"line":19,"column":5}},"type":"if","locations":[{"start":{"line":9,"column":4},"end":{"line":19,"column":5}},{"start":{"line":17,"column":11},"end":{"line":19,"column":5}}],"line":9}},"s":{"0":5,"1":4,"2":2,"3":2,"4":2,"5":9,"6":9,"7":2,"8":2},"f":{"0":4},"b":{"0":[2,2]},"inputSourceMap":null,"_coverageSchema":"1a1c01bbd47fc00a2c39e90264f33305004495a9","hash":"79df4d9ed88bc7b3ac7f292c9823d5dcc89cf57b"}
,"C:\\Users\\johnn\\OneDrive\\Desktop\\school\\Web-Dev-V\\project-cattus\\server\\utils\\pathHandler.mjs": {"path":"C:\\Users\\johnn\\OneDrive\\Desktop\\school\\Web-Dev-V\\project-cattus\\server\\utils\\pathHandler.mjs","statementMap":{"0":{"start":{"line":14,"column":8},"end":{"line":16,"column":9}},"1":{"start":{"line":15,"column":12},"end":{"line":15,"column":24}},"2":{"start":{"line":17,"column":23},"end":{"line":17,"column":51}},"3":{"start":{"line":19,"column":28},"end":{"line":19,"column":62}},"4":{"start":{"line":19,"column":47},"end":{"line":19,"column":61}},"5":{"start":{"line":21,"column":8},"end":{"line":23,"column":9}},"6":{"start":{"line":22,"column":12},"end":{"line":22,"column":23}},"7":{"start":{"line":24,"column":8},"end":{"line":24,"column":20}},"8":{"start":{"line":33,"column":25},"end":{"line":33,"column":44}},"9":{"start":{"line":34,"column":8},"end":{"line":34,"column":37}},"10":{"start":{"line":42,"column":23},"end":{"line":42,"column":39}},"11":{"start":{"line":43,"column":8},"end":{"line":45,"column":9}},"12":{"start":{"line":44,"column":12},"end":{"line":44,"column":40}}},"fnMap":{"0":{"name":"(anonymous_0)","decl":{"start":{"line":12,"column":4},"end":{"line":12,"column":5}},"loc":{"start":{"line":12,"column":35},"end":{"line":25,"column":5}},"line":12},"1":{"name":"(anonymous_1)","decl":{"start":{"line":19,"column":42},"end":{"line":19,"column":43}},"loc":{"start":{"line":19,"column":47},"end":{"line":19,"column":61}},"line":19},"2":{"name":"(anonymous_2)","decl":{"start":{"line":32,"column":4},"end":{"line":32,"column":5}},"loc":{"start":{"line":32,"column":35},"end":{"line":35,"column":5}},"line":32},"3":{"name":"(anonymous_3)","decl":{"start":{"line":41,"column":4},"end":{"line":41,"column":5}},"loc":{"start":{"line":41,"column":27},"end":{"line":46,"column":5}},"line":41}},"branchMap":{"0":{"loc":{"start":{"line":14,"column":8},"end":{"line":16,"column":9}},"type":"if","locations":[{"start":{"line":14,"column":8},"end":{"line":16,"column":9}},{"start":{},"end":{}}],"line":14},"1":{"loc":{"start":{"line":21,"column":8},"end":{"line":23,"column":9}},"type":"if","locations":[{"start":{"line":21,"column":8},"end":{"line":23,"column":9}},{"start":{},"end":{}}],"line":21},"2":{"loc":{"start":{"line":43,"column":8},"end":{"line":45,"column":9}},"type":"if","locations":[{"start":{"line":43,"column":8},"end":{"line":45,"column":9}},{"start":{},"end":{}}],"line":43}},"s":{"0":4,"1":2,"2":2,"3":2,"4":2,"5":2,"6":1,"7":1,"8":1,"9":1,"10":0,"11":0,"12":0},"f":{"0":4,"1":2,"2":1,"3":0},"b":{"0":[2,2],"1":[1,1],"2":[0,0]},"inputSourceMap":null,"_coverageSchema":"1a1c01bbd47fc00a2c39e90264f33305004495a9","hash":"0cd72be4e72b1ae0ea4d408e280a591181ce3dee"}
}
