TN:
SF:app.mjs
FNF:0
FNH:0
DA:9,3
DA:10,3
DA:12,3
DA:13,3
DA:14,3
DA:15,3
DA:16,3
DA:17,3
LF:8
LH:8
BRF:0
BRH:0
end_of_record
TN:
SF:db\azure.mjs
FN:25,uploadToAzureDB
FN:41,saveToAzure
FN:69,getPostData
FNF:3
FNH:0
FNDA:0,uploadToAzureDB
FNDA:0,saveToAzure
FNDA:0,getPostData
DA:8,3
DA:9,3
DA:11,3
DA:13,3
DA:14,3
DA:15,3
DA:16,3
DA:26,0
DA:27,0
DA:28,0
DA:42,0
DA:43,0
DA:44,0
DA:45,0
DA:46,0
DA:48,0
DA:49,0
DA:51,0
DA:52,0
DA:54,0
DA:55,0
DA:56,0
DA:57,0
DA:70,0
DA:79,0
LF:25
LH:7
BRDA:49,0,0,0
BRDA:49,0,1,0
BRF:2
BRH:0
end_of_record
TN:
SF:db\dataHandler.mjs
FN:8,editUserProfile
FN:18,updateLikes
FNF:2
FNH:0
FNDA:0,editUserProfile
FNDA:0,updateLikes
DA:6,3
DA:9,0
DA:10,0
DA:11,0
DA:13,0
DA:14,0
DA:19,0
DA:20,0
DA:21,0
DA:23,0
DA:25,0
LF:11
LH:1
BRDA:9,0,0,0
BRDA:9,0,1,0
BRDA:13,1,0,0
BRDA:13,1,1,0
BRDA:20,2,0,0
BRDA:20,2,1,0
BRF:6
BRH:0
end_of_record
TN:
SF:db\dbHelper.mjs
FN:3,(anonymous_0)
FN:16,(anonymous_1)
FN:32,(anonymous_2)
FN:43,(anonymous_3)
FNF:4
FNH:1
FNDA:15,(anonymous_0)
FNDA:0,(anonymous_1)
FNDA:0,(anonymous_2)
FNDA:0,(anonymous_3)
DA:1,3
DA:4,15
DA:5,12
DA:7,3
DA:18,0
DA:19,0
DA:21,0
DA:23,0
DA:33,0
DA:34,0
DA:44,0
LF:11
LH:4
BRDA:4,0,0,12
BRDA:4,0,1,3
BRF:2
BRH:2
end_of_record
TN:
SF:models\AdoptionPost.mjs
FNF:0
FNH:0
DA:3,3
DA:59,3
LF:2
LH:2
BRF:0
BRH:0
end_of_record
TN:
SF:models\Post.mjs
FNF:0
FNH:0
DA:3,3
DA:34,3
LF:2
LH:2
BRF:0
BRH:0
end_of_record
TN:
SF:models\User.mjs
FNF:0
FNH:0
DA:3,3
DA:18,3
LF:2
LH:2
BRF:0
BRH:0
end_of_record
TN:
SF:routes\auth.mjs
FN:33,(anonymous_0)
FN:60,(anonymous_1)
FN:61,(anonymous_2)
FN:70,regenerateSession
FN:71,(anonymous_4)
FN:87,isAuthenticated
FNF:6
FNH:0
FNDA:0,(anonymous_0)
FNDA:0,(anonymous_1)
FNDA:0,(anonymous_2)
FNDA:0,regenerateSession
FNDA:0,(anonymous_4)
FNDA:0,isAuthenticated
DA:12,3
DA:13,3
DA:15,3
DA:16,3
DA:18,3
DA:20,3
DA:33,3
DA:34,0
DA:35,0
DA:39,0
DA:40,0
DA:41,0
DA:43,0
DA:44,0
DA:46,0
DA:47,0
DA:49,0
DA:52,0
DA:60,3
DA:61,0
DA:62,0
DA:63,0
DA:65,0
DA:66,0
DA:71,0
DA:72,0
DA:73,0
DA:75,0
DA:76,0
DA:88,0
DA:89,0
DA:91,0
LF:32
LH:8
BRDA:39,0,0,0
BRDA:39,0,1,0
BRDA:44,1,0,0
BRDA:44,1,1,0
BRDA:62,2,0,0
BRDA:62,2,1,0
BRDA:72,3,0,0
BRDA:72,3,1,0
BRDA:88,4,0,0
BRDA:88,4,1,0
BRF:10
BRH:0
end_of_record
TN:
SF:routes\likes.mjs
FN:8,(anonymous_0)
FN:13,(anonymous_1)
FNF:2
FNH:0
FNDA:0,(anonymous_0)
FNDA:0,(anonymous_1)
DA:5,3
DA:6,3
DA:8,3
DA:10,0
DA:11,0
DA:13,3
DA:14,0
DA:15,0
LF:8
LH:4
BRF:0
BRH:0
end_of_record
TN:
SF:routes\main.mjs
FN:9,(anonymous_0)
FN:13,(anonymous_1)
FNF:2
FNH:2
FNDA:6,(anonymous_0)
FNDA:10,(anonymous_1)
DA:4,3
DA:5,3
DA:7,3
DA:9,3
DA:10,6
DA:13,3
DA:14,10
LF:7
LH:7
BRF:0
BRH:0
end_of_record
TN:
SF:routes\post.mjs
FN:12,(anonymous_0)
FN:16,(anonymous_1)
FN:20,(anonymous_2)
FN:25,(anonymous_3)
FN:29,(anonymous_4)
FN:42,sendData
FNF:6
FNH:6
FNDA:1,(anonymous_0)
FNDA:2,(anonymous_1)
FNDA:1,(anonymous_2)
FNDA:2,(anonymous_3)
FNDA:2,(anonymous_4)
FNDA:8,sendData
DA:6,3
DA:7,3
DA:9,3
DA:12,3
DA:13,1
DA:16,3
DA:17,2
DA:20,3
DA:21,1
DA:25,3
DA:26,2
DA:29,3
DA:30,2
DA:31,2
DA:44,8
DA:45,8
DA:47,5
DA:49,3
LF:18
LH:18
BRDA:45,0,0,5
BRDA:45,0,1,3
BRF:2
BRH:2
end_of_record
TN:
SF:routes\uploadpost.mjs
FN:16,(anonymous_0)
FNF:1
FNH:0
FNDA:0,(anonymous_0)
DA:6,3
DA:8,3
DA:9,3
DA:16,3
DA:17,0
DA:18,0
DA:19,0
DA:20,0
DA:21,0
DA:22,0
DA:24,0
DA:25,0
LF:12
LH:4
BRDA:19,0,0,0
BRDA:19,0,1,0
BRF:2
BRH:0
end_of_record
TN:
SF:routes\uploadprofile.mjs
FN:16,(anonymous_0)
FN:40,sendUpdatedUser
FNF:2
FNH:0
FNDA:0,(anonymous_0)
FNDA:0,sendUpdatedUser
DA:6,3
DA:8,3
DA:9,3
DA:16,3
DA:17,0
DA:18,0
DA:19,0
DA:20,0
DA:21,0
DA:23,0
DA:26,0
DA:29,0
DA:32,0
DA:34,0
DA:41,0
DA:42,0
LF:16
LH:4
BRDA:21,0,0,0
BRDA:21,0,1,0
BRF:2
BRH:0
end_of_record
TN:
SF:utils\captioncheck.mjs
FN:7,lookForHashtags
FN:9,(anonymous_1)
FN:9,(anonymous_2)
FN:9,(anonymous_3)
FNF:4
FNH:4
FNDA:5,lookForHashtags
FNDA:18,(anonymous_1)
FNDA:5,(anonymous_2)
FNDA:5,(anonymous_3)
DA:8,5
DA:9,18
LF:2
LH:2
BRF:0
BRH:0
end_of_record
TN:
SF:utils\idgenerator.mjs
FN:8,generateID
FNF:1
FNH:1
FNDA:4,generateID
DA:1,5
DA:9,4
DA:10,2
DA:11,2
DA:12,2
DA:13,9
DA:14,9
DA:16,2
DA:18,2
LF:9
LH:9
BRDA:9,0,0,2
BRDA:9,0,1,2
BRF:2
BRH:2
end_of_record
TN:
SF:utils\pathHandler.mjs
FN:12,(anonymous_0)
FN:19,(anonymous_1)
FN:32,(anonymous_2)
FN:41,(anonymous_3)
FNF:4
FNH:3
FNDA:4,(anonymous_0)
FNDA:2,(anonymous_1)
FNDA:1,(anonymous_2)
FNDA:0,(anonymous_3)
DA:14,4
DA:15,2
DA:17,2
DA:19,2
DA:21,2
DA:22,1
DA:24,1
DA:33,1
DA:34,1
DA:42,0
DA:43,0
DA:44,0
LF:12
LH:9
BRDA:14,0,0,2
BRDA:14,0,1,2
BRDA:21,1,0,1
BRDA:21,1,1,1
BRDA:43,2,0,0
BRDA:43,2,1,0
BRF:6
BRH:4
end_of_record
