TN:
SF:app.mjs
FNF:0
FNH:0
DA:8,3
DA:9,3
DA:11,3
DA:12,3
DA:13,3
DA:14,3
DA:15,3
LF:7
LH:7
BRF:0
BRH:0
end_of_record
TN:
SF:db\azure.mjs
FN:25,uploadToAzure
FN:52,getPostData
FNF:2
FNH:0
FNDA:0,uploadToAzure
FNDA:0,getPostData
DA:8,3
DA:9,3
DA:11,3
DA:13,3
DA:14,3
DA:15,3
DA:16,3
DA:26,0
DA:27,0
DA:28,0
DA:29,0
DA:30,0
DA:32,0
DA:33,0
DA:35,0
DA:36,0
DA:38,0
DA:39,0
DA:40,0
DA:41,0
DA:42,0
DA:53,0
DA:62,0
LF:23
LH:7
BRDA:33,0,0,0
BRDA:33,0,1,0
BRF:2
BRH:0
end_of_record
TN:
SF:db\dbHelper.mjs
FN:3,(anonymous_0)
FN:16,(anonymous_1)
FN:32,(anonymous_2)
FN:43,(anonymous_3)
FNF:4
FNH:1
FNDA:12,(anonymous_0)
FNDA:0,(anonymous_1)
FNDA:0,(anonymous_2)
FNDA:0,(anonymous_3)
DA:1,3
DA:4,12
DA:5,9
DA:7,3
DA:18,0
DA:19,0
DA:21,0
DA:23,0
DA:33,0
DA:34,0
DA:44,0
LF:11
LH:4
BRDA:4,0,0,9
BRDA:4,0,1,3
BRF:2
BRH:2
end_of_record
TN:
SF:models\AdoptionPost.mjs
FNF:0
FNH:0
DA:3,3
DA:59,3
LF:2
LH:2
BRF:0
BRH:0
end_of_record
TN:
SF:models\Post.mjs
FNF:0
FNH:0
DA:3,3
DA:34,3
LF:2
LH:2
BRF:0
BRH:0
end_of_record
TN:
SF:models\User.mjs
FNF:0
FNH:0
DA:3,3
DA:18,3
LF:2
LH:2
BRF:0
BRH:0
end_of_record
TN:
SF:routes\auth.mjs
FN:33,(anonymous_0)
FN:49,(anonymous_1)
FN:59,(anonymous_2)
FN:60,(anonymous_3)
FN:76,isAuthenticated
FNF:5
FNH:0
FNDA:0,(anonymous_0)
FNDA:0,(anonymous_1)
FNDA:0,(anonymous_2)
FNDA:0,(anonymous_3)
FNDA:0,isAuthenticated
DA:12,3
DA:13,3
DA:15,3
DA:16,3
DA:18,3
DA:20,3
DA:33,3
DA:34,0
DA:35,0
DA:39,0
DA:40,0
DA:41,0
DA:44,0
DA:45,0
DA:49,0
DA:50,0
DA:51,0
DA:53,0
DA:54,0
DA:59,3
DA:60,0
DA:61,0
DA:62,0
DA:64,0
DA:65,0
DA:77,0
DA:78,0
DA:80,0
LF:28
LH:8
BRDA:39,0,0,0
BRDA:39,0,1,0
BRDA:50,1,0,0
BRDA:50,1,1,0
BRDA:61,2,0,0
BRDA:61,2,1,0
BRDA:77,3,0,0
BRDA:77,3,1,0
BRF:8
BRH:0
end_of_record
TN:
SF:routes\likes.mjs
FN:8,(anonymous_0)
FN:13,(anonymous_1)
FN:18,updateLikes
FNF:3
FNH:0
FNDA:0,(anonymous_0)
FNDA:0,(anonymous_1)
FNDA:0,updateLikes
DA:5,3
DA:6,3
DA:8,3
DA:10,0
DA:11,0
DA:13,3
DA:14,0
DA:15,0
DA:19,0
DA:20,0
DA:21,0
DA:23,0
DA:25,0
LF:13
LH:4
BRDA:20,0,0,0
BRDA:20,0,1,0
BRF:2
BRH:0
end_of_record
TN:
SF:routes\main.mjs
FN:9,(anonymous_0)
FN:13,(anonymous_1)
FNF:2
FNH:2
FNDA:6,(anonymous_0)
FNDA:10,(anonymous_1)
DA:4,3
DA:5,3
DA:7,3
DA:9,3
DA:10,6
DA:13,3
DA:14,10
LF:7
LH:7
BRF:0
BRH:0
end_of_record
TN:
SF:routes\post.mjs
FN:12,(anonymous_0)
FN:16,(anonymous_1)
FN:20,(anonymous_2)
FN:25,(anonymous_3)
FN:29,(anonymous_4)
FN:33,(anonymous_5)
FN:46,sendData
FNF:7
FNH:7
FNDA:1,(anonymous_0)
FNDA:2,(anonymous_1)
FNDA:1,(anonymous_2)
FNDA:2,(anonymous_3)
FNDA:2,(anonymous_4)
FNDA:2,(anonymous_5)
FNDA:10,sendData
DA:6,3
DA:7,3
DA:9,3
DA:12,3
DA:13,1
DA:16,3
DA:17,2
DA:20,3
DA:21,1
DA:25,3
DA:26,2
DA:29,3
DA:30,2
DA:31,2
DA:33,3
DA:34,2
DA:35,2
DA:48,10
DA:49,10
DA:51,6
DA:53,4
LF:21
LH:21
BRDA:49,0,0,6
BRDA:49,0,1,4
BRF:2
BRH:2
end_of_record
TN:
SF:routes\uploadpost.mjs
FN:16,(anonymous_0)
FNF:1
FNH:0
FNDA:0,(anonymous_0)
DA:6,3
DA:8,3
DA:9,3
DA:16,3
DA:17,0
DA:18,0
DA:19,0
DA:20,0
DA:21,0
DA:22,0
DA:24,0
DA:25,0
LF:12
LH:4
BRDA:19,0,0,0
BRDA:19,0,1,0
BRF:2
BRH:0
end_of_record
TN:
SF:utils\captioncheck.mjs
FN:7,lookForHashtags
FN:9,(anonymous_1)
FN:9,(anonymous_2)
FN:9,(anonymous_3)
FNF:4
FNH:4
FNDA:5,lookForHashtags
FNDA:18,(anonymous_1)
FNDA:5,(anonymous_2)
FNDA:5,(anonymous_3)
DA:8,5
DA:9,18
LF:2
LH:2
BRF:0
BRH:0
end_of_record
TN:
SF:utils\idgenerator.mjs
FN:8,generateID
FNF:1
FNH:1
FNDA:4,generateID
DA:1,5
DA:9,4
DA:10,2
DA:11,2
DA:12,2
DA:13,9
DA:14,9
DA:16,2
DA:18,2
LF:9
LH:9
BRDA:9,0,0,2
BRDA:9,0,1,2
BRF:2
BRH:2
end_of_record
TN:
SF:utils\pathHandler.mjs
FN:11,(anonymous_0)
FN:18,(anonymous_1)
FN:31,(anonymous_2)
FN:40,(anonymous_3)
FNF:4
FNH:3
FNDA:4,(anonymous_0)
FNDA:2,(anonymous_1)
FNDA:1,(anonymous_2)
FNDA:0,(anonymous_3)
DA:13,4
DA:14,2
DA:16,2
DA:18,2
DA:20,2
DA:21,1
DA:23,1
DA:32,1
DA:33,1
DA:41,0
DA:42,0
DA:43,0
LF:12
LH:9
BRDA:13,0,0,2
BRDA:13,0,1,2
BRDA:20,1,0,1
BRDA:20,1,1,1
BRDA:42,2,0,0
BRDA:42,2,1,0
BRF:6
BRH:4
end_of_record
